0 info it worked if it ends with ok
1 verbose cli [ 'C:\\Program Files\\nodejs\\node.exe',
1 verbose cli   'C:\\Program Files\\nodejs\\node_modules\\npm\\bin\\npm-cli.js',
1 verbose cli   'run',
1 verbose cli   'e2e' ]
2 info using npm@3.10.10
3 info using node@v6.10.2
4 verbose run-script [ 'pree2e', 'e2e', 'poste2e' ]
5 info lifecycle ng-advanced-training@0.0.0~pree2e: ng-advanced-training@0.0.0
6 silly lifecycle ng-advanced-training@0.0.0~pree2e: no script for pree2e, continuing
7 info lifecycle ng-advanced-training@0.0.0~e2e: ng-advanced-training@0.0.0
8 verbose lifecycle ng-advanced-training@0.0.0~e2e: unsafe-perm in lifecycle true
9 verbose lifecycle ng-advanced-training@0.0.0~e2e: PATH: C:\Program Files\nodejs\node_modules\npm\bin\node-gyp-bin;C:\formation\sg-training-angular-advanced\node_modules\.bin;C:\ProgramData\Oracle\Java\javapath;C:\ProgramData\Oracle\Java\javapath;C:\ProgramData\Oracle\Java\javapath;C:\Windows\System32;%CHROME_PATH%;C:\Program Files (x86)\GitExtensions\;C:\Program Files\Git\cmd;C:\Program Files\nodejs\;C:\Program Files (x86)\Google\Chrome\Application;C:\Program Files (x86)\GitExtensions\;C:\Program Files\Git\cmd;C:\Program Files\nodejs\;C:\Program Files (x86)\Google\Chrome\Application;C:\Program Files (x86)\GitExtensions\;C:\Program Files\Git\cmd;C:\Program Files\nodejs\;C:\Users\formation\AppData\Local\Microsoft\WindowsApps;C:\Users\formation\AppData\Roaming\npm;C:\Program Files (x86)\Microsoft VS Code\bin
10 verbose lifecycle ng-advanced-training@0.0.0~e2e: CWD: C:\formation\sg-training-angular-advanced
11 silly lifecycle ng-advanced-training@0.0.0~e2e: Args: [ '/d /s /c', 'protractor protractor.config.js' ]
12 silly lifecycle ng-advanced-training@0.0.0~e2e: Returned: code: 1  signal: null
13 info lifecycle ng-advanced-training@0.0.0~e2e: Failed to exec e2e script
14 verbose stack Error: ng-advanced-training@0.0.0 e2e: `protractor protractor.config.js`
14 verbose stack Exit status 1
14 verbose stack     at EventEmitter.<anonymous> (C:\Program Files\nodejs\node_modules\npm\lib\utils\lifecycle.js:255:16)
14 verbose stack     at emitTwo (events.js:106:13)
14 verbose stack     at EventEmitter.emit (events.js:191:7)
14 verbose stack     at ChildProcess.<anonymous> (C:\Program Files\nodejs\node_modules\npm\lib\utils\spawn.js:40:14)
14 verbose stack     at emitTwo (events.js:106:13)
14 verbose stack     at ChildProcess.emit (events.js:191:7)
14 verbose stack     at maybeClose (internal/child_process.js:886:16)
14 verbose stack     at Process.ChildProcess._handle.onexit (internal/child_process.js:226:5)
15 verbose pkgid ng-advanced-training@0.0.0
16 verbose cwd C:\formation\sg-training-angular-advanced
17 error Windows_NT 10.0.14393
18 error argv "C:\\Program Files\\nodejs\\node.exe" "C:\\Program Files\\nodejs\\node_modules\\npm\\bin\\npm-cli.js" "run" "e2e"
19 error node v6.10.2
20 error npm  v3.10.10
21 error code ELIFECYCLE
22 error ng-advanced-training@0.0.0 e2e: `protractor protractor.config.js`
22 error Exit status 1
23 error Failed at the ng-advanced-training@0.0.0 e2e script 'protractor protractor.config.js'.
23 error Make sure you have the latest version of node.js and npm installed.
23 error If you do, this is most likely a problem with the ng-advanced-training package,
23 error not with npm itself.
23 error Tell the author that this fails on your system:
23 error     protractor protractor.config.js
23 error You can get information on how to open an issue for this project with:
23 error     npm bugs ng-advanced-training
23 error Or if that isn't available, you can get their info via:
23 error     npm owner ls ng-advanced-training
23 error There is likely additional logging output above.
24 verbose exit [ 1, true ]
